#
# There is insufficient memory for the Java Runtime Environment to continue.
# Native memory allocation (malloc) failed to allocate 1326896 bytes for Chunk::new
# Possible reasons:
#   The system is out of physical RAM or swap space
#   The process is running with CompressedOops enabled, and the Java Heap may be blocking the growth of the native heap
# Possible solutions:
#   Reduce memory load on the system
#   Increase physical memory or swap space
#   Check if swap backing store is full
#   Decrease Java heap size (-Xmx/-Xms)
#   Decrease number of Java threads
#   Decrease Java thread stack sizes (-Xss)
#   Set larger code cache with -XX:ReservedCodeCacheSize=
#   JVM is running with Unscaled Compressed Oops mode in which the Java heap is
#     placed in the first 4GB address space. The Java Heap base address is the
#     maximum limit for the native heap growth. Please use -XX:HeapBaseMinAddress
#     to set the Java Heap base and to place the Java Heap above 4GB virtual address.
# This output file may be truncated or incomplete.
#
#  Out of Memory Error (./src/hotspot/share/memory/arena.cpp:197), pid=5500, tid=8484
#
# JRE version: OpenJDK Runtime Environment (11.0.11+9) (build 11.0.11+9-b60-7590822)
# Java VM: OpenJDK 64-Bit Server VM (11.0.11+9-b60-7590822, mixed mode, tiered, compressed oops, g1 gc, windows-amd64)
# No core dump will be written. Minidumps are not enabled by default on client versions of Windows
#

---------------  S U M M A R Y ------------

Command Line: --add-opens=java.base/java.util=ALL-UNNAMED --add-opens=java.base/java.lang=ALL-UNNAMED --add-opens=java.base/java.lang.invoke=ALL-UNNAMED --add-opens=java.base/java.util=ALL-UNNAMED --add-opens=java.prefs/java.util.prefs=ALL-UNNAMED --add-opens=java.prefs/java.util.prefs=ALL-UNNAMED --add-opens=java.base/java.nio.charset=ALL-UNNAMED --add-opens=java.base/java.net=ALL-UNNAMED --add-opens=java.base/java.util.concurrent.atomic=ALL-UNNAMED -Xmx2048m -Dfile.encoding=UTF-8 -Duser.country=ID -Duser.language=in -Duser.variant org.gradle.launcher.daemon.bootstrap.GradleDaemon 7.2

Host: Intel(R) Core(TM) i5-3320M CPU @ 2.60GHz, 4 cores, 7G,  Windows 8.1 , 64 bit Build 9600 (6.3.9600.20172)
Time: Wed Mar 23 01:25:46 2022 SE Asia Standard Time elapsed time: 175.714096 seconds (0d 0h 2m 55s)

---------------  T H R E A D  ---------------

Current thread (0x0000006c619b7000):  JavaThread "C2 CompilerThread0" daemon [_thread_in_native, id=8484, stack(0x0000006c62430000,0x0000006c62530000)]


Current CompileTask:
C2: 175714 6973       4       sun.reflect.generics.parser.SignatureParser::parsePackageNameAndSimpleClassTypeSignature (119 bytes)

Stack: [0x0000006c62430000,0x0000006c62530000]
Native frames: (J=compiled Java code, j=interpreted, Vv=VM code, C=native code)
V  [jvm.dll+0x5f214a]
V  [jvm.dll+0x726fb5]
V  [jvm.dll+0x7285cd]
V  [jvm.dll+0x728c83]
V  [jvm.dll+0x243278]
V  [jvm.dll+0xbc53c]
V  [jvm.dll+0xbca3c]
V  [jvm.dll+0x353e7d]
V  [jvm.dll+0x19895c]
V  [jvm.dll+0x1fc2ee]
V  [jvm.dll+0x1fb3d4]
V  [jvm.dll+0x183d6c]
V  [jvm.dll+0x209a57]
V  [jvm.dll+0x2082a1]
V  [jvm.dll+0x6ef58f]
V  [jvm.dll+0x6e80b5]
V  [jvm.dll+0x5f1036]
C  [ucrtbase.DLL+0x1f4a0]
C  [KERNEL32.DLL+0x13d2]
C  [ntdll.dll+0x154f4]


---------------  P R O C E S S  ---------------

Threads class SMR info:
_java_thread_list=0x0000006c69f53cf0, length=76, elements={
0x0000006c47050000, 0x0000006c60f48000, 0x0000006c60f49000, 0x0000006c619a7800,
0x0000006c619a8800, 0x0000006c619ab800, 0x0000006c619b7000, 0x0000006c619b8000,
0x0000006c619bd800, 0x0000006c61b1a800, 0x0000006c64bf5800, 0x0000006c6367c000,
0x0000006c639e1000, 0x0000006c65615800, 0x0000006c6542d000, 0x0000006c62d64800,
0x0000006c654d6800, 0x0000006c648f0800, 0x0000006c63be7800, 0x0000006c63be9800,
0x0000006c63be8000, 0x0000006c63beb800, 0x0000006c63bea800, 0x0000006c63be9000,
0x0000006c63bec000, 0x0000006c63bee000, 0x0000006c63bed000, 0x0000006c65a59800,
0x0000006c65a5a000, 0x0000006c65a5d800, 0x0000006c65a5b000, 0x0000006c65a5b800,
0x0000006c65a62800, 0x0000006c65a60800, 0x0000006c65a60000, 0x0000006c65a63000,
0x0000006c65a65800, 0x0000006c65a66800, 0x0000006c65a64000, 0x0000006c65a67000,
0x0000006c65a64800, 0x0000006c65a68000, 0x0000006c6575a800, 0x0000006c6575b000,
0x0000006c6575c000, 0x0000006c65759800, 0x0000006c6575d800, 0x0000006c6575f000,
0x0000006c6575e800, 0x0000006c6575c800, 0x0000006c65760000, 0x0000006c65763800,
0x0000006c65761800, 0x0000006c65762800, 0x0000006c65761000, 0x0000006c65765000,
0x0000006c65765800, 0x0000006c65766800, 0x0000006c65764000, 0x0000006c65767800,
0x0000006c65768000, 0x0000006c6a442000, 0x0000006c6a442800, 0x0000006c6a440800,
0x0000006c6a443800, 0x0000006c6a441000, 0x0000006c6a444800, 0x0000006c6a445000,
0x0000006c6a446000, 0x0000006c6a449000, 0x0000006c6a447000, 0x0000006c6a44a000,
0x0000006c6a447800, 0x0000006c6a448800, 0x0000006c64c4b800, 0x0000006c6a44b000
}

Java Threads: ( => current thread )
  0x0000006c47050000 JavaThread "main" [_thread_blocked, id=3276, stack(0x0000006c466f0000,0x0000006c467f0000)]
  0x0000006c60f48000 JavaThread "Reference Handler" daemon [_thread_blocked, id=8068, stack(0x0000006c61e50000,0x0000006c61f50000)]
  0x0000006c60f49000 JavaThread "Finalizer" daemon [_thread_blocked, id=9044, stack(0x0000006c61f50000,0x0000006c62050000)]
  0x0000006c619a7800 JavaThread "Signal Dispatcher" daemon [_thread_blocked, id=4716, stack(0x0000006c62130000,0x0000006c62230000)]
  0x0000006c619a8800 JavaThread "Attach Listener" daemon [_thread_blocked, id=8624, stack(0x0000006c62230000,0x0000006c62330000)]
  0x0000006c619ab800 JavaThread "Service Thread" daemon [_thread_blocked, id=4848, stack(0x0000006c62330000,0x0000006c62430000)]
=>0x0000006c619b7000 JavaThread "C2 CompilerThread0" daemon [_thread_in_native, id=8484, stack(0x0000006c62430000,0x0000006c62530000)]
  0x0000006c619b8000 JavaThread "C1 CompilerThread0" daemon [_thread_in_native, id=5132, stack(0x0000006c62530000,0x0000006c62630000)]
  0x0000006c619bd800 JavaThread "Sweeper thread" daemon [_thread_blocked, id=7280, stack(0x0000006c62630000,0x0000006c62730000)]
  0x0000006c61b1a800 JavaThread "Common-Cleaner" daemon [_thread_blocked, id=6596, stack(0x0000006c62730000,0x0000006c62830000)]
  0x0000006c64bf5800 JavaThread "Daemon health stats" [_thread_blocked, id=6676, stack(0x0000006c66c10000,0x0000006c66d10000)]
  0x0000006c6367c000 JavaThread "Incoming local TCP Connector on port 1428" [_thread_in_native, id=2764, stack(0x0000006c647f0000,0x0000006c648f0000)]
  0x0000006c639e1000 JavaThread "Daemon periodic checks" [_thread_blocked, id=8296, stack(0x0000006c67110000,0x0000006c67210000)]
  0x0000006c65615800 JavaThread "Daemon" [_thread_blocked, id=8992, stack(0x0000006c67210000,0x0000006c67310000)]
  0x0000006c6542d000 JavaThread "Handler for socket connection from /127.0.0.1:1428 to /127.0.0.1:1429" [_thread_in_native, id=844, stack(0x0000006c67310000,0x0000006c67410000)]
  0x0000006c62d64800 JavaThread "Cancel handler" [_thread_blocked, id=3844, stack(0x0000006c67410000,0x0000006c67510000)]
  0x0000006c654d6800 JavaThread "Daemon worker" [_thread_in_vm, id=6324, stack(0x0000006c67510000,0x0000006c67610000)]
  0x0000006c648f0800 JavaThread "Asynchronous log dispatcher for DefaultDaemonConnection: socket connection from /127.0.0.1:1428 to /127.0.0.1:1429" [_thread_blocked, id=7812, stack(0x0000006c67610000,0x0000006c67710000)]
  0x0000006c63be7800 JavaThread "Daemon client event forwarder" [_thread_blocked, id=476, stack(0x0000006c67910000,0x0000006c67a10000)]
  0x0000006c63be9800 JavaThread "Cache worker for journal cache (C:\Users\JHONY\.gradle\caches\journal-1)" [_thread_blocked, id=7324, stack(0x0000006c67d10000,0x0000006c67e10000)]
  0x0000006c63be8000 JavaThread "File lock request listener" [_thread_in_native, id=6356, stack(0x0000006c67e10000,0x0000006c67f10000)]
  0x0000006c63beb800 JavaThread "Cache worker for file hash cache (C:\Users\JHONY\.gradle\caches\7.2\fileHashes)" [_thread_blocked, id=8500, stack(0x0000006c68110000,0x0000006c68210000)]
  0x0000006c63bea800 JavaThread "Cache worker for file hash cache (C:\Users\JHONY\AndroidStudioProjects\Profile\.gradle\7.2\fileHashes)" [_thread_blocked, id=8440, stack(0x0000006c68410000,0x0000006c68510000)]
  0x0000006c63be9000 JavaThread "jar transforms" [_thread_blocked, id=5864, stack(0x0000006c68810000,0x0000006c68910000)]
  0x0000006c63bec000 JavaThread "jar transforms Thread 2" [_thread_blocked, id=7232, stack(0x0000006c68910000,0x0000006c68a10000)]
  0x0000006c63bee000 JavaThread "jar transforms Thread 3" [_thread_blocked, id=7116, stack(0x0000006c68a10000,0x0000006c68b10000)]
  0x0000006c63bed000 JavaThread "jar transforms Thread 4" [_thread_blocked, id=7724, stack(0x0000006c68b10000,0x0000006c68c10000)]
  0x0000006c65a59800 JavaThread "Cache worker for checksums cache (C:\Users\JHONY\AndroidStudioProjects\Profile\.gradle\checksums)" [_thread_blocked, id=7316, stack(0x0000006c68710000,0x0000006c68810000)]
  0x0000006c65a5a000 JavaThread "Cache worker for cache directory md-supplier (C:\Users\JHONY\.gradle\caches\7.2\md-supplier)" [_thread_blocked, id=948, stack(0x0000006c68c10000,0x0000006c68d10000)]
  0x0000006c65a5d800 JavaThread "Cache worker for cache directory md-rule (C:\Users\JHONY\.gradle\caches\7.2\md-rule)" [_thread_blocked, id=4320, stack(0x0000006c68d10000,0x0000006c68e10000)]
  0x0000006c65a5b000 JavaThread "Cache worker for execution history cache (C:\Users\JHONY\.gradle\caches\7.2\executionHistory)" [_thread_blocked, id=2420, stack(0x0000006c69240000,0x0000006c69340000)]
  0x0000006c65a5b800 JavaThread "Cache worker for file content cache (C:\Users\JHONY\.gradle\caches\7.2\fileContent)" [_thread_blocked, id=8672, stack(0x0000006c6aa10000,0x0000006c6ab10000)]
  0x0000006c65a62800 JavaThread "Cache worker for dependencies-accessors (C:\Users\JHONY\AndroidStudioProjects\Profile\.gradle\7.2\dependencies-accessors)" [_thread_blocked, id=4696, stack(0x0000006c6c5a0000,0x0000006c6c6a0000)]
  0x0000006c65a60800 JavaThread "Cache worker for Build Output Cleanup Cache (C:\Users\JHONY\AndroidStudioProjects\Profile\.gradle\buildOutputCleanup)" [_thread_blocked, id=7844, stack(0x0000006c6b030000,0x0000006c6b130000)]
  0x0000006c65a60000 JavaThread "Unconstrained build operations" [_thread_blocked, id=7156, stack(0x0000006c6c400000,0x0000006c6c500000)]
  0x0000006c65a63000 JavaThread "Unconstrained build operations Thread 2" [_thread_blocked, id=8040, stack(0x0000006c6c8a0000,0x0000006c6c9a0000)]
  0x0000006c65a65800 JavaThread "Unconstrained build operations Thread 3" [_thread_blocked, id=8980, stack(0x0000006c6cc10000,0x0000006c6cd10000)]
  0x0000006c65a66800 JavaThread "Unconstrained build operations Thread 4" [_thread_blocked, id=6288, stack(0x0000006c6cd10000,0x0000006c6ce10000)]
  0x0000006c65a64000 JavaThread "Unconstrained build operations Thread 5" [_thread_blocked, id=6872, stack(0x0000006c6ce10000,0x0000006c6cf10000)]
  0x0000006c65a67000 JavaThread "Unconstrained build operations Thread 6" [_thread_blocked, id=7292, stack(0x0000006c6cf10000,0x0000006c6d010000)]
  0x0000006c65a64800 JavaThread "Unconstrained build operations Thread 7" [_thread_blocked, id=1980, stack(0x0000006c6d010000,0x0000006c6d110000)]
  0x0000006c65a68000 JavaThread "Unconstrained build operations Thread 8" [_thread_blocked, id=9176, stack(0x0000006c6d110000,0x0000006c6d210000)]
  0x0000006c6575a800 JavaThread "Unconstrained build operations Thread 9" [_thread_blocked, id=5044, stack(0x0000006c6d210000,0x0000006c6d310000)]
  0x0000006c6575b000 JavaThread "Unconstrained build operations Thread 10" [_thread_blocked, id=6756, stack(0x0000006c6d310000,0x0000006c6d410000)]
  0x0000006c6575c000 JavaThread "Unconstrained build operations Thread 11" [_thread_blocked, id=9040, stack(0x0000006c6d410000,0x0000006c6d510000)]
  0x0000006c65759800 JavaThread "Unconstrained build operations Thread 12" [_thread_blocked, id=8080, stack(0x0000006c6d510000,0x0000006c6d610000)]
  0x0000006c6575d800 JavaThread "Unconstrained build operations Thread 13" [_thread_blocked, id=3108, stack(0x0000006c6d610000,0x0000006c6d710000)]
  0x0000006c6575f000 JavaThread "Unconstrained build operations Thread 14" [_thread_blocked, id=4172, stack(0x0000006c6d710000,0x0000006c6d810000)]
  0x0000006c6575e800 JavaThread "Unconstrained build operations Thread 15" [_thread_blocked, id=9100, stack(0x0000006c6d810000,0x0000006c6d910000)]
  0x0000006c6575c800 JavaThread "Unconstrained build operations Thread 16" [_thread_blocked, id=6580, stack(0x0000006c6d910000,0x0000006c6da10000)]
  0x0000006c65760000 JavaThread "Unconstrained build operations Thread 17" [_thread_blocked, id=2616, stack(0x0000006c6da10000,0x0000006c6db10000)]
  0x0000006c65763800 JavaThread "Unconstrained build operations Thread 18" [_thread_blocked, id=5116, stack(0x0000006c6db10000,0x0000006c6dc10000)]
  0x0000006c65761800 JavaThread "Unconstrained build operations Thread 19" [_thread_blocked, id=8048, stack(0x0000006c6dc10000,0x0000006c6dd10000)]
  0x0000006c65762800 JavaThread "Unconstrained build operations Thread 20" [_thread_blocked, id=6116, stack(0x0000006c6dd10000,0x0000006c6de10000)]
  0x0000006c65761000 JavaThread "Unconstrained build operations Thread 21" [_thread_blocked, id=8844, stack(0x0000006c6de10000,0x0000006c6df10000)]
  0x0000006c65765000 JavaThread "Unconstrained build operations Thread 22" [_thread_blocked, id=7476, stack(0x0000006c6df10000,0x0000006c6e010000)]
  0x0000006c65765800 JavaThread "Unconstrained build operations Thread 23" [_thread_blocked, id=8316, stack(0x0000006c6e010000,0x0000006c6e110000)]
  0x0000006c65766800 JavaThread "Unconstrained build operations Thread 24" [_thread_blocked, id=8212, stack(0x0000006c6e110000,0x0000006c6e210000)]
  0x0000006c65764000 JavaThread "Unconstrained build operations Thread 25" [_thread_blocked, id=8964, stack(0x0000006c6e210000,0x0000006c6e310000)]
  0x0000006c65767800 JavaThread "Unconstrained build operations Thread 26" [_thread_blocked, id=7852, stack(0x0000006c6e310000,0x0000006c6e410000)]
  0x0000006c65768000 JavaThread "Unconstrained build operations Thread 27" [_thread_blocked, id=6840, stack(0x0000006c6e410000,0x0000006c6e510000)]
  0x0000006c6a442000 JavaThread "Unconstrained build operations Thread 28" [_thread_blocked, id=7928, stack(0x0000006c6e510000,0x0000006c6e610000)]
  0x0000006c6a442800 JavaThread "Unconstrained build operations Thread 29" [_thread_blocked, id=7528, stack(0x0000006c6e610000,0x0000006c6e710000)]
  0x0000006c6a440800 JavaThread "Unconstrained build operations Thread 30" [_thread_blocked, id=8528, stack(0x0000006c6e710000,0x0000006c6e810000)]
  0x0000006c6a443800 JavaThread "Unconstrained build operations Thread 31" [_thread_blocked, id=8668, stack(0x0000006c6e810000,0x0000006c6e910000)]
  0x0000006c6a441000 JavaThread "Unconstrained build operations Thread 32" [_thread_blocked, id=7040, stack(0x0000006c6e910000,0x0000006c6ea10000)]
  0x0000006c6a444800 JavaThread "Unconstrained build operations Thread 33" [_thread_blocked, id=5484, stack(0x0000006c6ea10000,0x0000006c6eb10000)]
  0x0000006c6a445000 JavaThread "Unconstrained build operations Thread 34" [_thread_blocked, id=7992, stack(0x0000006c6eb10000,0x0000006c6ec10000)]
  0x0000006c6a446000 JavaThread "Unconstrained build operations Thread 35" [_thread_blocked, id=9068, stack(0x0000006c6ec10000,0x0000006c6ed10000)]
  0x0000006c6a449000 JavaThread "Unconstrained build operations Thread 36" [_thread_blocked, id=2440, stack(0x0000006c6ed10000,0x0000006c6ee10000)]
  0x0000006c6a447000 JavaThread "Unconstrained build operations Thread 37" [_thread_blocked, id=7420, stack(0x0000006c6ee10000,0x0000006c6ef10000)]
  0x0000006c6a44a000 JavaThread "Unconstrained build operations Thread 38" [_thread_blocked, id=1020, stack(0x0000006c6ef10000,0x0000006c6f010000)]
  0x0000006c6a447800 JavaThread "Unconstrained build operations Thread 39" [_thread_blocked, id=6320, stack(0x0000006c6f010000,0x0000006c6f110000)]
  0x0000006c6a448800 JavaThread "Unconstrained build operations Thread 40" [_thread_blocked, id=8472, stack(0x0000006c6f110000,0x0000006c6f210000)]
  0x0000006c64c4b800 JavaThread "C2 CompilerThread1" daemon [_thread_in_native, id=7880, stack(0x0000006c67710000,0x0000006c67810000)]
  0x0000006c6a44b000 JavaThread "Memory manager" [_thread_blocked, id=96, stack(0x0000006c6c300000,0x0000006c6c400000)]

Other Threads:
  0x0000006c60f41000 VMThread "VM Thread" [stack: 0x0000006c61d50000,0x0000006c61e50000] [id=8860]
  0x0000006c61b4c800 WatcherThread [stack: 0x0000006c62830000,0x0000006c62930000] [id=3776]
  0x0000006c47068800 GCTaskThread "GC Thread#0" [stack: 0x0000006c469d0000,0x0000006c46ad0000] [id=7108]
  0x0000006c61d19800 GCTaskThread "GC Thread#1" [stack: 0x0000006c63130000,0x0000006c63230000] [id=7480]
  0x0000006c619ca000 GCTaskThread "GC Thread#2" [stack: 0x0000006c63230000,0x0000006c63330000] [id=188]
  0x0000006c63c01800 GCTaskThread "GC Thread#3" [stack: 0x0000006c67a10000,0x0000006c67b10000] [id=8516]
  0x0000006c4709a800 ConcurrentGCThread "G1 Main Marker" [stack: 0x0000006c5e710000,0x0000006c5e810000] [id=7216]
  0x0000006c4709c000 ConcurrentGCThread "G1 Conc#0" [stack: 0x0000006c5e810000,0x0000006c5e910000] [id=6304]
  0x0000006c60d92800 ConcurrentGCThread "G1 Refine#0" [stack: 0x0000006c60f50000,0x0000006c61050000] [id=6172]
  0x0000006c60d95000 ConcurrentGCThread "G1 Young RemSet Sampling" [stack: 0x0000006c61050000,0x0000006c61150000] [id=7984]

Threads with active compile tasks:
C2 CompilerThread0 176341 6973       4       sun.reflect.generics.parser.SignatureParser::parsePackageNameAndSimpleClassTypeSignature (119 bytes)
C2 CompilerThread1 176342 6978       4       java.beans.Introspector::addMethod (196 bytes)

VM state:not at safepoint (normal execution)

VM Mutex/Monitor currently owned by a thread: None

Heap address: 0x0000000080000000, size: 2048 MB, Compressed Oops mode: 32-bit
Narrow klass base: 0x0000000000000000, Narrow klass shift: 3
Compressed class space size: 1073741824 Address: 0x0000000100000000

Heap:
 garbage-first heap   total 131072K, used 100666K [0x0000000080000000, 0x0000000100000000)
  region size 1024K, 27 young (27648K), 3 survivors (3072K)
 Metaspace       used 69130K, capacity 71015K, committed 71240K, reserved 1112064K
  class space    used 8744K, capacity 9382K, committed 9472K, reserved 1048576K
Heap Regions: E=young(eden), S=young(survivor), O=old, HS=humongous(starts), HC=humongous(continues), CS=collection set, F=free, A=archive, TAMS=top-at-mark-start (previous, next)
|   0|0x0000000080000000, 0x0000000080100000, 0x0000000080100000|100%| O|  |TAMS 0x0000000080100000, 0x0000000080000000| Untracked 
|   1|0x0000000080100000, 0x0000000080200000, 0x0000000080200000|100%| O|  |TAMS 0x0000000080200000, 0x0000000080100000| Untracked 
|   2|0x0000000080200000, 0x0000000080300000, 0x0000000080300000|100%| O|  |TAMS 0x0000000080300000, 0x0000000080200000| Untracked 
|   3|0x0000000080300000, 0x0000000080400000, 0x0000000080400000|100%|HS|  |TAMS 0x0000000080400000, 0x0000000080300000| Complete 
|   4|0x0000000080400000, 0x0000000080500000, 0x0000000080500000|100%|HC|  |TAMS 0x0000000080500000, 0x0000000080400000| Complete 
|   5|0x0000000080500000, 0x0000000080600000, 0x0000000080600000|100%|HC|  |TAMS 0x0000000080600000, 0x0000000080500000| Complete 
|   6|0x0000000080600000, 0x0000000080700000, 0x0000000080700000|100%| O|  |TAMS 0x0000000080700000, 0x0000000080600000| Untracked 
|   7|0x0000000080700000, 0x0000000080800000, 0x0000000080800000|100%| O|  |TAMS 0x0000000080800000, 0x0000000080700000| Untracked 
|   8|0x0000000080800000, 0x0000000080900000, 0x0000000080900000|100%| O|  |TAMS 0x0000000080900000, 0x0000000080800000| Untracked 
|   9|0x0000000080900000, 0x0000000080a00000, 0x0000000080a00000|100%| O|  |TAMS 0x0000000080a00000, 0x0000000080900000| Untracked 
|  10|0x0000000080a00000, 0x0000000080b00000, 0x0000000080b00000|100%| O|  |TAMS 0x0000000080b00000, 0x0000000080a00000| Untracked 
|  11|0x0000000080b00000, 0x0000000080c00000, 0x0000000080c00000|100%| O|  |TAMS 0x0000000080c00000, 0x0000000080b00000| Untracked 
|  12|0x0000000080c00000, 0x0000000080d00000, 0x0000000080d00000|100%| O|  |TAMS 0x0000000080d00000, 0x0000000080c00000| Untracked 
|  13|0x0000000080d00000, 0x0000000080e00000, 0x0000000080e00000|100%| O|  |TAMS 0x0000000080e00000, 0x0000000080d00000| Untracked 
|  14|0x0000000080e00000, 0x0000000080f00000, 0x0000000080f00000|100%|HS|  |TAMS 0x0000000080f00000, 0x0000000080e00000| Complete 
|  15|0x0000000080f00000, 0x0000000081000000, 0x0000000081000000|100%|HC|  |TAMS 0x0000000081000000, 0x0000000080f00000| Complete 
|  16|0x0000000081000000, 0x0000000081100000, 0x0000000081100000|100%|HS|  |TAMS 0x0000000081100000, 0x0000000081000000| Complete 
|  17|0x0000000081100000, 0x0000000081200000, 0x0000000081200000|100%|HC|  |TAMS 0x0000000081200000, 0x0000000081100000| Complete 
|  18|0x0000000081200000, 0x0000000081300000, 0x0000000081300000|100%|HC|  |TAMS 0x0000000081300000, 0x0000000081200000| Complete 
|  19|0x0000000081300000, 0x0000000081400000, 0x0000000081400000|100%|HS|  |TAMS 0x0000000081400000, 0x0000000081300000| Complete 
|  20|0x0000000081400000, 0x0000000081500000, 0x0000000081500000|100%|HC|  |TAMS 0x0000000081500000, 0x0000000081400000| Complete 
|  21|0x0000000081500000, 0x0000000081600000, 0x0000000081600000|100%|HC|  |TAMS 0x0000000081600000, 0x0000000081500000| Complete 
|  22|0x0000000081600000, 0x0000000081700000, 0x0000000081700000|100%|HC|  |TAMS 0x0000000081700000, 0x0000000081600000| Complete 
|  23|0x0000000081700000, 0x0000000081800000, 0x0000000081800000|100%| O|  |TAMS 0x0000000081800000, 0x0000000081700000| Untracked 
|  24|0x0000000081800000, 0x0000000081900000, 0x0000000081900000|100%| O|  |TAMS 0x0000000081900000, 0x0000000081800000| Untracked 
|  25|0x0000000081900000, 0x0000000081a00000, 0x0000000081a00000|100%| O|  |TAMS 0x0000000081a00000, 0x0000000081900000| Untracked 
|  26|0x0000000081a00000, 0x0000000081b00000, 0x0000000081b00000|100%| O|  |TAMS 0x0000000081b00000, 0x0000000081a00000| Untracked 
|  27|0x0000000081b00000, 0x0000000081c00000, 0x0000000081c00000|100%| O|  |TAMS 0x0000000081c00000, 0x0000000081b00000| Untracked 
|  28|0x0000000081c00000, 0x0000000081d00000, 0x0000000081d00000|100%|HS|  |TAMS 0x0000000081d00000, 0x0000000081c00000| Complete 
|  29|0x0000000081d00000, 0x0000000081e00000, 0x0000000081e00000|100%|HC|  |TAMS 0x0000000081e00000, 0x0000000081d00000| Complete 
|  30|0x0000000081e00000, 0x0000000081f00000, 0x0000000081f00000|100%|HC|  |TAMS 0x0000000081f00000, 0x0000000081e00000| Complete 
|  31|0x0000000081f00000, 0x0000000082000000, 0x0000000082000000|100%| O|  |TAMS 0x0000000082000000, 0x0000000081f00000| Untracked 
|  32|0x0000000082000000, 0x0000000082100000, 0x0000000082100000|100%| O|  |TAMS 0x0000000082100000, 0x0000000082000000| Untracked 
|  33|0x0000000082100000, 0x0000000082200000, 0x0000000082200000|100%| O|  |TAMS 0x0000000082200000, 0x0000000082100000| Untracked 
|  34|0x0000000082200000, 0x0000000082300000, 0x0000000082300000|100%| O|  |TAMS 0x0000000082300000, 0x0000000082200000| Untracked 
|  35|0x0000000082300000, 0x0000000082400000, 0x0000000082400000|100%| O|  |TAMS 0x0000000082400000, 0x0000000082300000| Untracked 
|  36|0x0000000082400000, 0x0000000082500000, 0x0000000082500000|100%| O|  |TAMS 0x0000000082500000, 0x0000000082400000| Untracked 
|  37|0x0000000082500000, 0x0000000082600000, 0x0000000082600000|100%| O|  |TAMS 0x0000000082600000, 0x0000000082500000| Untracked 
|  38|0x0000000082600000, 0x0000000082700000, 0x0000000082700000|100%| O|  |TAMS 0x0000000082700000, 0x0000000082600000| Untracked 
|  39|0x0000000082700000, 0x0000000082800000, 0x0000000082800000|100%| O|  |TAMS 0x0000000082800000, 0x0000000082700000| Untracked 
|  40|0x0000000082800000, 0x0000000082900000, 0x0000000082900000|100%| O|  |TAMS 0x0000000082900000, 0x0000000082800000| Untracked 
|  41|0x0000000082900000, 0x0000000082a00000, 0x0000000082a00000|100%| O|  |TAMS 0x0000000082a00000, 0x0000000082900000| Untracked 
|  42|0x0000000082a00000, 0x0000000082b00000, 0x0000000082b00000|100%|HS|  |TAMS 0x0000000082b00000, 0x0000000082a00000| Complete 
|  43|0x0000000082b00000, 0x0000000082c00000, 0x0000000082c00000|100%|HC|  |TAMS 0x0000000082c00000, 0x0000000082b00000| Complete 
|  44|0x0000000082c00000, 0x0000000082d00000, 0x0000000082d00000|100%|HC|  |TAMS 0x0000000082d00000, 0x0000000082c00000| Complete 
|  45|0x0000000082d00000, 0x0000000082e00000, 0x0000000082e00000|100%|HC|  |TAMS 0x0000000082e00000, 0x0000000082d00000| Complete 
|  46|0x0000000082e00000, 0x0000000082f00000, 0x0000000082f00000|100%| O|  |TAMS 0x0000000082f00000, 0x0000000082e00000| Untracked 
|  47|0x0000000082f00000, 0x0000000083000000, 0x0000000083000000|100%| O|  |TAMS 0x0000000083000000, 0x0000000082f00000| Untracked 
|  48|0x0000000083000000, 0x0000000083100000, 0x0000000083100000|100%| O|  |TAMS 0x0000000083100000, 0x0000000083000000| Untracked 
|  49|0x0000000083100000, 0x0000000083200000, 0x0000000083200000|100%| O|  |TAMS 0x0000000083200000, 0x0000000083100000| Untracked 
|  50|0x0000000083200000, 0x0000000083300000, 0x0000000083300000|100%|HS|  |TAMS 0x0000000083300000, 0x0000000083200000| Complete 
|  51|0x0000000083300000, 0x0000000083400000, 0x0000000083400000|100%|HS|  |TAMS 0x0000000083400000, 0x0000000083300000| Complete 
|  52|0x0000000083400000, 0x0000000083500000, 0x0000000083500000|100%|HS|  |TAMS 0x0000000083500000, 0x0000000083400000| Complete 
|  53|0x0000000083500000, 0x0000000083600000, 0x0000000083600000|100%|HS|  |TAMS 0x0000000083600000, 0x0000000083500000| Complete 
|  54|0x0000000083600000, 0x0000000083700000, 0x0000000083700000|100%|HC|  |TAMS 0x0000000083700000, 0x0000000083600000| Complete 
|  55|0x0000000083700000, 0x0000000083800000, 0x0000000083800000|100%| O|  |TAMS 0x0000000083800000, 0x0000000083700000| Untracked 
|  56|0x0000000083800000, 0x0000000083900000, 0x0000000083900000|100%| O|  |TAMS 0x0000000083900000, 0x0000000083800000| Untracked 
|  57|0x0000000083900000, 0x0000000083a00000, 0x0000000083a00000|100%| O|  |TAMS 0x0000000083a00000, 0x0000000083900000| Untracked 
|  58|0x0000000083a00000, 0x0000000083b00000, 0x0000000083b00000|100%| O|  |TAMS 0x0000000083b00000, 0x0000000083a00000| Untracked 
|  59|0x0000000083b00000, 0x0000000083c00000, 0x0000000083c00000|100%| O|  |TAMS 0x0000000083c00000, 0x0000000083b00000| Untracked 
|  60|0x0000000083c00000, 0x0000000083d00000, 0x0000000083d00000|100%| O|  |TAMS 0x0000000083d00000, 0x0000000083c00000| Untracked 
|  61|0x0000000083d00000, 0x0000000083e00000, 0x0000000083e00000|100%| O|  |TAMS 0x0000000083e00000, 0x0000000083d00000| Untracked 
|  62|0x0000000083e00000, 0x0000000083f00000, 0x0000000083f00000|100%| O|  |TAMS 0x0000000083f00000, 0x0000000083e00000| Untracked 
|  63|0x0000000083f00000, 0x0000000084000000, 0x0000000084000000|100%| O|  |TAMS 0x0000000084000000, 0x0000000083f00000| Untracked 
|  64|0x0000000084000000, 0x0000000084100000, 0x0000000084100000|100%| O|  |TAMS 0x0000000084100000, 0x0000000084000000| Untracked 
|  65|0x0000000084100000, 0x0000000084200000, 0x0000000084200000|100%| O|  |TAMS 0x0000000084200000, 0x0000000084100000| Untracked 
|  66|0x0000000084200000, 0x0000000084300000, 0x0000000084300000|100%| O|  |TAMS 0x0000000084300000, 0x0000000084200000| Untracked 
|  67|0x0000000084300000, 0x0000000084400000, 0x0000000084400000|100%| O|  |TAMS 0x0000000084400000, 0x0000000084300000| Untracked 
|  68|0x0000000084400000, 0x0000000084500000, 0x0000000084500000|100%| O|  |TAMS 0x0000000084500000, 0x0000000084400000| Untracked 
|  69|0x0000000084500000, 0x0000000084600000, 0x0000000084600000|100%| O|  |TAMS 0x0000000084600000, 0x0000000084500000| Untracked 
|  70|0x0000000084600000, 0x0000000084700000, 0x0000000084700000|100%| O|  |TAMS 0x000000008466c600, 0x0000000084600000| Untracked 
|  71|0x0000000084700000, 0x0000000084700000, 0x0000000084800000|  0%| F|  |TAMS 0x0000000084700000, 0x0000000084700000| Untracked 
|  72|0x0000000084800000, 0x0000000084900000, 0x0000000084900000|100%| O|  |TAMS 0x0000000084800000, 0x0000000084800000| Untracked 
|  73|0x0000000084900000, 0x000000008495c800, 0x0000000084a00000| 36%| O|  |TAMS 0x0000000084900000, 0x0000000084900000| Untracked 
|  74|0x0000000084a00000, 0x0000000084a00000, 0x0000000084b00000|  0%| F|  |TAMS 0x0000000084a00000, 0x0000000084a00000| Untracked 
|  75|0x0000000084b00000, 0x0000000084b00000, 0x0000000084c00000|  0%| F|  |TAMS 0x0000000084b00000, 0x0000000084b00000| Untracked 
|  76|0x0000000084c00000, 0x0000000084c00000, 0x0000000084d00000|  0%| F|  |TAMS 0x0000000084c00000, 0x0000000084c00000| Untracked 
|  77|0x0000000084d00000, 0x0000000084d00000, 0x0000000084e00000|  0%| F|  |TAMS 0x0000000084d00000, 0x0000000084d00000| Untracked 
|  78|0x0000000084e00000, 0x0000000084e00000, 0x0000000084f00000|  0%| F|  |TAMS 0x0000000084e00000, 0x0000000084e00000| Untracked 
|  79|0x0000000084f00000, 0x0000000084f00000, 0x0000000085000000|  0%| F|  |TAMS 0x0000000084f00000, 0x0000000084f00000| Untracked 
|  80|0x0000000085000000, 0x0000000085000000, 0x0000000085100000|  0%| F|  |TAMS 0x0000000085000000, 0x0000000085000000| Untracked 
|  81|0x0000000085100000, 0x0000000085100000, 0x0000000085200000|  0%| F|  |TAMS 0x0000000085100000, 0x0000000085100000| Untracked 
|  82|0x0000000085200000, 0x0000000085200000, 0x0000000085300000|  0%| F|  |TAMS 0x0000000085200000, 0x0000000085200000| Untracked 
|  83|0x0000000085300000, 0x0000000085300000, 0x0000000085400000|  0%| F|  |TAMS 0x0000000085300000, 0x0000000085300000| Untracked 
|  84|0x0000000085400000, 0x0000000085400000, 0x0000000085500000|  0%| F|  |TAMS 0x0000000085400000, 0x0000000085400000| Untracked 
|  85|0x0000000085500000, 0x0000000085500000, 0x0000000085600000|  0%| F|  |TAMS 0x0000000085500000, 0x0000000085500000| Untracked 
|  86|0x0000000085600000, 0x0000000085600000, 0x0000000085700000|  0%| F|  |TAMS 0x0000000085600000, 0x0000000085600000| Untracked 
|  87|0x0000000085700000, 0x0000000085700000, 0x0000000085800000|  0%| F|  |TAMS 0x0000000085700000, 0x0000000085700000| Untracked 
|  88|0x0000000085800000, 0x0000000085800000, 0x0000000085900000|  0%| F|  |TAMS 0x0000000085800000, 0x0000000085800000| Untracked 
|  89|0x0000000085900000, 0x0000000085900000, 0x0000000085a00000|  0%| F|  |TAMS 0x0000000085900000, 0x0000000085900000| Untracked 
|  90|0x0000000085a00000, 0x0000000085a00000, 0x0000000085b00000|  0%| F|  |TAMS 0x0000000085a00000, 0x0000000085a00000| Untracked 
|  91|0x0000000085b00000, 0x0000000085bf2300, 0x0000000085c00000| 94%| S|CS|TAMS 0x0000000085b00000, 0x0000000085b00000| Complete 
|  92|0x0000000085c00000, 0x0000000085d00000, 0x0000000085d00000|100%| S|CS|TAMS 0x0000000085c00000, 0x0000000085c00000| Complete 
|  93|0x0000000085d00000, 0x0000000085e00000, 0x0000000085e00000|100%| S|CS|TAMS 0x0000000085d00000, 0x0000000085d00000| Complete 
|  94|0x0000000085e00000, 0x0000000085e00000, 0x0000000085f00000|  0%| F|  |TAMS 0x0000000085e00000, 0x0000000085e00000| Untracked 
|  95|0x0000000085f00000, 0x0000000085f00000, 0x0000000086000000|  0%| F|  |TAMS 0x0000000085f00000, 0x0000000085f00000| Untracked 
|  96|0x0000000086000000, 0x0000000086000000, 0x0000000086100000|  0%| F|  |TAMS 0x0000000086000000, 0x0000000086000000| Untracked 
|  97|0x0000000086100000, 0x0000000086100000, 0x0000000086200000|  0%| F|  |TAMS 0x0000000086100000, 0x0000000086100000| Untracked 
|  98|0x0000000086200000, 0x0000000086200000, 0x0000000086300000|  0%| F|  |TAMS 0x0000000086200000, 0x0000000086200000| Untracked 
|  99|0x0000000086300000, 0x0000000086300000, 0x0000000086400000|  0%| F|  |TAMS 0x0000000086300000, 0x0000000086300000| Untracked 
| 100|0x0000000086400000, 0x0000000086400000, 0x0000000086500000|  0%| F|  |TAMS 0x0000000086400000, 0x0000000086400000| Untracked 
| 101|0x0000000086500000, 0x0000000086500000, 0x0000000086600000|  0%| F|  |TAMS 0x0000000086500000, 0x0000000086500000| Untracked 
| 102|0x0000000086600000, 0x0000000086600000, 0x0000000086700000|  0%| F|  |TAMS 0x0000000086600000, 0x0000000086600000| Untracked 
| 103|0x0000000086700000, 0x0000000086700000, 0x0000000086800000|  0%| F|  |TAMS 0x0000000086700000, 0x0000000086700000| Untracked 
| 104|0x0000000086800000, 0x0000000086900000, 0x0000000086900000|100%| E|  |TAMS 0x0000000086800000, 0x0000000086800000| Complete 
| 105|0x0000000086900000, 0x0000000086a00000, 0x0000000086a00000|100%| E|CS|TAMS 0x0000000086900000, 0x0000000086900000| Complete 
| 106|0x0000000086a00000, 0x0000000086b00000, 0x0000000086b00000|100%| E|CS|TAMS 0x0000000086a00000, 0x0000000086a00000| Complete 
| 107|0x0000000086b00000, 0x0000000086c00000, 0x0000000086c00000|100%| E|CS|TAMS 0x0000000086b00000, 0x0000000086b00000| Complete 
| 108|0x0000000086c00000, 0x0000000086d00000, 0x0000000086d00000|100%| E|CS|TAMS 0x0000000086c00000, 0x0000000086c00000| Complete 
| 109|0x0000000086d00000, 0x0000000086e00000, 0x0000000086e00000|100%| E|CS|TAMS 0x0000000086d00000, 0x0000000086d00000| Complete 
| 110|0x0000000086e00000, 0x0000000086f00000, 0x0000000086f00000|100%| E|CS|TAMS 0x0000000086e00000, 0x0000000086e00000| Complete 
| 111|0x0000000086f00000, 0x0000000087000000, 0x0000000087000000|100%| E|CS|TAMS 0x0000000086f00000, 0x0000000086f00000| Complete 
| 112|0x0000000087000000, 0x0000000087100000, 0x0000000087100000|100%| E|CS|TAMS 0x0000000087000000, 0x0000000087000000| Complete 
| 113|0x0000000087100000, 0x0000000087200000, 0x0000000087200000|100%| E|CS|TAMS 0x0000000087100000, 0x0000000087100000| Complete 
| 114|0x0000000087200000, 0x0000000087300000, 0x0000000087300000|100%| E|CS|TAMS 0x0000000087200000, 0x0000000087200000| Complete 
| 115|0x0000000087300000, 0x0000000087400000, 0x0000000087400000|100%| E|CS|TAMS 0x0000000087300000, 0x0000000087300000| Complete 
| 116|0x0000000087400000, 0x0000000087500000, 0x0000000087500000|100%| E|CS|TAMS 0x0000000087400000, 0x0000000087400000| Complete 
| 117|0x0000000087500000, 0x0000000087600000, 0x0000000087600000|100%| E|CS|TAMS 0x0000000087500000, 0x0000000087500000| Complete 
| 118|0x0000000087600000, 0x0000000087700000, 0x0000000087700000|100%| E|CS|TAMS 0x0000000087600000, 0x0000000087600000| Complete 
| 119|0x0000000087700000, 0x0000000087800000, 0x0000000087800000|100%| E|CS|TAMS 0x0000000087700000, 0x0000000087700000| Complete 
| 120|0x0000000087800000, 0x0000000087900000, 0x0000000087900000|100%| E|CS|TAMS 0x0000000087800000, 0x0000000087800000| Complete 
| 121|0x0000000087900000, 0x0000000087a00000, 0x0000000087a00000|100%| E|CS|TAMS 0x0000000087900000, 0x0000000087900000| Complete 
| 122|0x0000000087a00000, 0x0000000087b00000, 0x0000000087b00000|100%| E|CS|TAMS 0x0000000087a00000, 0x0000000087a00000| Complete 
| 123|0x0000000087b00000, 0x0000000087c00000, 0x0000000087c00000|100%| E|CS|TAMS 0x0000000087b00000, 0x0000000087b00000| Complete 
| 124|0x0000000087c00000, 0x0000000087d00000, 0x0000000087d00000|100%| E|CS|TAMS 0x0000000087c00000, 0x0000000087c00000| Complete 
| 125|0x0000000087d00000, 0x0000000087e00000, 0x0000000087e00000|100%| E|CS|TAMS 0x0000000087d00000, 0x0000000087d00000| Complete 
| 126|0x0000000087e00000, 0x0000000087f00000, 0x0000000087f00000|100%| E|CS|TAMS 0x0000000087e00000, 0x0000000087e00000| Complete 
| 127|0x0000000087f00000, 0x0000000088000000, 0x0000000088000000|100%| E|CS|TAMS 0x0000000087f00000, 0x0000000087f00000| Complete 

Card table byte_map: [0x0000006c59f10000,0x0000006c5a310000] _byte_map_base: 0x0000006c59b10000

Marking Bits (Prev, Next): (CMBitMap*) 0x0000006c47091b30, (CMBitMap*) 0x0000006c47091af8
 Prev Bits: [0x0000006c5c710000, 0x0000006c5e710000)
 Next Bits: [0x0000006c5a710000, 0x0000006c5c710000)

Polling page: 0x0000006c44af0000

Metaspace:

Usage:
  Non-class:     60.19 MB capacity,    59.00 MB ( 98%) used,     1.02 MB (  2%) free+waste,   172.00 KB ( <1%) overhead. 
      Class:      9.16 MB capacity,     8.55 MB ( 93%) used,   551.14 KB (  6%) free+waste,    80.63 KB ( <1%) overhead. 
       Both:     69.35 MB capacity,    67.54 MB ( 97%) used,     1.56 MB (  2%) free+waste,   252.63 KB ( <1%) overhead. 

Virtual space:
  Non-class space:       62.00 MB reserved,      60.32 MB ( 97%) committed 
      Class space:        1.00 GB reserved,       9.25 MB ( <1%) committed 
             Both:        1.06 GB reserved,      69.57 MB (  6%) committed 

Chunk freelists:
   Non-Class:  7.00 KB
       Class:  26.00 KB
        Both:  33.00 KB

MaxMetaspaceSize: 17179869184.00 GB
CompressedClassSpaceSize: 1.00 GB

CodeHeap 'non-profiled nmethods': size=120064Kb used=4236Kb max_used=4236Kb free=115827Kb
 bounds [0x0000006c525d0000, 0x0000006c52a00000, 0x0000006c59b10000]
CodeHeap 'profiled nmethods': size=120000Kb used=15196Kb max_used=15196Kb free=104803Kb
 bounds [0x0000006c4b0a0000, 0x0000006c4bf80000, 0x0000006c525d0000]
CodeHeap 'non-nmethods': size=5696Kb used=2268Kb max_used=2303Kb free=3427Kb
 bounds [0x0000006c4ab10000, 0x0000006c4ad80000, 0x0000006c4b0a0000]
 total_blobs=7876 nmethods=7014 adapters=773
 compilation: enabled
              stopped_count=0, restarted_count=0
 full_count=0

Compilation events (20 events):
Event: 175.189 Thread 0x0000006c619b8000 7003       3       org.codehaus.groovy.reflection.CachedClass$1$$Lambda$325/0x00000001004c1c40::run (8 bytes)
Event: 175.189 Thread 0x0000006c619b8000 nmethod 7003 0x0000006c4bf61590 code [0x0000006c4bf61740, 0x0000006c4bf61868]
Event: 175.207 Thread 0x0000006c619b8000 7004       3       org.gradle.internal.operations.DefaultBuildOperationRunner::getCurrentBuildOperation (11 bytes)
Event: 175.207 Thread 0x0000006c619b8000 nmethod 7004 0x0000006c4bf61990 code [0x0000006c4bf61b60, 0x0000006c4bf61f68]
Event: 175.207 Thread 0x0000006c619b8000 7005       3       org.gradle.internal.operations.BuildOperationDescriptor$Builder::details (7 bytes)
Event: 175.207 Thread 0x0000006c619b8000 nmethod 7005 0x0000006c4bf62090 code [0x0000006c4bf62240, 0x0000006c4bf62398]
Event: 175.214 Thread 0x0000006c619b8000 7006       3       org.gradle.api.internal.DefaultDomainObjectSet::<init> (21 bytes)
Event: 175.216 Thread 0x0000006c619b8000 nmethod 7006 0x0000006c4bf62410 code [0x0000006c4bf62700, 0x0000006c4bf638a8]
Event: 175.216 Thread 0x0000006c619b8000 7007       3       org.gradle.api.internal.collections.IterationOrderRetainingSetElementSource$1::<init> (10 bytes)
Event: 175.217 Thread 0x0000006c619b8000 nmethod 7007 0x0000006c4bf63e90 code [0x0000006c4bf64040, 0x0000006c4bf641f8]
Event: 175.222 Thread 0x0000006c619b8000 7008       3       com.google.common.base.Present::or (12 bytes)
Event: 175.222 Thread 0x0000006c619b8000 nmethod 7008 0x0000006c4bf64310 code [0x0000006c4bf64500, 0x0000006c4bf64848]
Event: 175.223 Thread 0x0000006c619b8000 7009       3       java.util.Properties::load0 (249 bytes)
Event: 175.225 Thread 0x0000006c619b8000 nmethod 7009 0x0000006c4bf64a10 code [0x0000006c4bf64c60, 0x0000006c4bf65668]
Event: 175.313 Thread 0x0000006c619b8000 7010       3       jdk.internal.loader.URLClassPath::findResource (38 bytes)
Event: 175.314 Thread 0x0000006c619b8000 nmethod 7010 0x0000006c4bf65990 code [0x0000006c4bf65b60, 0x0000006c4bf65e78]
Event: 175.315 Thread 0x0000006c619b8000 7011       3       java.lang.String::contains (19 bytes)
Event: 175.316 Thread 0x0000006c619b8000 nmethod 7011 0x0000006c4bf65f90 code [0x0000006c4bf66160, 0x0000006c4bf663b8]
Event: 175.407 Thread 0x0000006c619b8000 7013       3       java.util.HashMap::clear (50 bytes)
Event: 175.408 Thread 0x0000006c619b8000 nmethod 7013 0x0000006c4bf66490 code [0x0000006c4bf66660, 0x0000006c4bf66a18]

GC Heap History (20 events):
Event: 119.427 GC heap before
{Heap before GC invocations=11 (full 0):
 garbage-first heap   total 131072K, used 94478K [0x0000000080000000, 0x0000000100000000)
  region size 1024K, 63 young (64512K), 6 survivors (6144K)
 Metaspace       used 41147K, capacity 42193K, committed 42312K, reserved 1085440K
  class space    used 5253K, capacity 5610K, committed 5632K, reserved 1048576K
}
Event: 119.466 GC heap after
{Heap after GC invocations=12 (full 0):
 garbage-first heap   total 131072K, used 38941K [0x0000000080000000, 0x0000000100000000)
  region size 1024K, 7 young (7168K), 7 survivors (7168K)
 Metaspace       used 41147K, capacity 42193K, committed 42312K, reserved 1085440K
  class space    used 5253K, capacity 5610K, committed 5632K, reserved 1048576K
}
Event: 124.314 GC heap before
{Heap before GC invocations=12 (full 0):
 garbage-first heap   total 131072K, used 98333K [0x0000000080000000, 0x0000000100000000)
  region size 1024K, 62 young (63488K), 7 survivors (7168K)
 Metaspace       used 45171K, capacity 46403K, committed 46664K, reserved 1089536K
  class space    used 5668K, capacity 6127K, committed 6144K, reserved 1048576K
}
Event: 124.341 GC heap after
{Heap after GC invocations=13 (full 0):
 garbage-first heap   total 131072K, used 46397K [0x0000000080000000, 0x0000000100000000)
  region size 1024K, 5 young (5120K), 5 survivors (5120K)
 Metaspace       used 45171K, capacity 46403K, committed 46664K, reserved 1089536K
  class space    used 5668K, capacity 6127K, committed 6144K, reserved 1048576K
}
Event: 125.818 GC heap before
{Heap before GC invocations=13 (full 0):
 garbage-first heap   total 131072K, used 103741K [0x0000000080000000, 0x0000000100000000)
  region size 1024K, 57 young (58368K), 5 survivors (5120K)
 Metaspace       used 47927K, capacity 49279K, committed 49480K, reserved 1091584K
  class space    used 6130K, capacity 6596K, committed 6656K, reserved 1048576K
}
Event: 125.837 GC heap after
{Heap after GC invocations=14 (full 0):
 garbage-first heap   total 131072K, used 54396K [0x0000000080000000, 0x0000000100000000)
  region size 1024K, 4 young (4096K), 4 survivors (4096K)
 Metaspace       used 47927K, capacity 49279K, committed 49480K, reserved 1091584K
  class space    used 6130K, capacity 6596K, committed 6656K, reserved 1048576K
}
Event: 127.459 GC heap before
{Heap before GC invocations=14 (full 0):
 garbage-first heap   total 131072K, used 101500K [0x0000000080000000, 0x0000000100000000)
  region size 1024K, 50 young (51200K), 4 survivors (4096K)
 Metaspace       used 50262K, capacity 51695K, committed 51784K, reserved 1093632K
  class space    used 6403K, capacity 6904K, committed 6912K, reserved 1048576K
}
Event: 127.470 GC heap after
{Heap after GC invocations=15 (full 0):
 garbage-first heap   total 131072K, used 56510K [0x0000000080000000, 0x0000000100000000)
  region size 1024K, 6 young (6144K), 6 survivors (6144K)
 Metaspace       used 50262K, capacity 51695K, committed 51784K, reserved 1093632K
  class space    used 6403K, capacity 6904K, committed 6912K, reserved 1048576K
}
Event: 169.065 GC heap before
{Heap before GC invocations=15 (full 0):
 garbage-first heap   total 131072K, used 107710K [0x0000000080000000, 0x0000000100000000)
  region size 1024K, 52 young (53248K), 6 survivors (6144K)
 Metaspace       used 54445K, capacity 56075K, committed 56264K, reserved 1097728K
  class space    used 6932K, capacity 7488K, committed 7552K, reserved 1048576K
}
Event: 169.083 GC heap after
{Heap after GC invocations=16 (full 0):
 garbage-first heap   total 131072K, used 68011K [0x0000000080000000, 0x0000000100000000)
  region size 1024K, 7 young (7168K), 7 survivors (7168K)
 Metaspace       used 54445K, capacity 56075K, committed 56264K, reserved 1097728K
  class space    used 6932K, capacity 7488K, committed 7552K, reserved 1048576K
}
Event: 171.119 GC heap before
{Heap before GC invocations=16 (full 0):
 garbage-first heap   total 131072K, used 92587K [0x0000000080000000, 0x0000000100000000)
  region size 1024K, 32 young (32768K), 7 survivors (7168K)
 Metaspace       used 58336K, capacity 59959K, committed 59976K, reserved 1101824K
  class space    used 7372K, capacity 7929K, committed 7936K, reserved 1048576K
}
Event: 171.136 GC heap after
{Heap after GC invocations=17 (full 0):
 garbage-first heap   total 131072K, used 69633K [0x0000000080000000, 0x0000000100000000)
  region size 1024K, 2 young (2048K), 2 survivors (2048K)
 Metaspace       used 58336K, capacity 59959K, committed 59976K, reserved 1101824K
  class space    used 7372K, capacity 7929K, committed 7936K, reserved 1048576K
}
Event: 172.809 GC heap before
{Heap before GC invocations=18 (full 0):
 garbage-first heap   total 131072K, used 101377K [0x0000000080000000, 0x0000000100000000)
  region size 1024K, 34 young (34816K), 2 survivors (2048K)
 Metaspace       used 63044K, capacity 64683K, committed 64968K, reserved 1105920K
  class space    used 7960K, capacity 8520K, committed 8576K, reserved 1048576K
}
Event: 172.817 GC heap after
{Heap after GC invocations=19 (full 0):
 garbage-first heap   total 131072K, used 73369K [0x0000000080000000, 0x0000000100000000)
  region size 1024K, 5 young (5120K), 5 survivors (5120K)
 Metaspace       used 63044K, capacity 64683K, committed 64968K, reserved 1105920K
  class space    used 7960K, capacity 8520K, committed 8576K, reserved 1048576K
}
Event: 173.927 GC heap before
{Heap before GC invocations=19 (full 0):
 garbage-first heap   total 131072K, used 103065K [0x0000000080000000, 0x0000000100000000)
  region size 1024K, 35 young (35840K), 5 survivors (5120K)
 Metaspace       used 65518K, capacity 67223K, committed 67400K, reserved 1107968K
  class space    used 8256K, capacity 8849K, committed 8960K, reserved 1048576K
}
Event: 173.939 GC heap after
{Heap after GC invocations=20 (full 0):
 garbage-first heap   total 131072K, used 74320K [0x0000000080000000, 0x0000000100000000)
  region size 1024K, 3 young (3072K), 3 survivors (3072K)
 Metaspace       used 65518K, capacity 67223K, committed 67400K, reserved 1107968K
  class space    used 8256K, capacity 8849K, committed 8960K, reserved 1048576K
}
Event: 174.273 GC heap before
{Heap before GC invocations=21 (full 0):
 garbage-first heap   total 131072K, used 84560K [0x0000000080000000, 0x0000000100000000)
  region size 1024K, 14 young (14336K), 3 survivors (3072K)
 Metaspace       used 66492K, capacity 68201K, committed 68552K, reserved 1110016K
  class space    used 8389K, capacity 8983K, committed 9088K, reserved 1048576K
}
Event: 174.279 GC heap after
{Heap after GC invocations=22 (full 0):
 garbage-first heap   total 131072K, used 75073K [0x0000000080000000, 0x0000000100000000)
  region size 1024K, 3 young (3072K), 3 survivors (3072K)
 Metaspace       used 66492K, capacity 68201K, committed 68552K, reserved 1110016K
  class space    used 8389K, capacity 8983K, committed 9088K, reserved 1048576K
}
Event: 175.096 GC heap before
{Heap before GC invocations=23 (full 0):
 garbage-first heap   total 131072K, used 107841K [0x0000000080000000, 0x0000000100000000)
  region size 1024K, 34 young (34816K), 3 survivors (3072K)
 Metaspace       used 67349K, capacity 69151K, committed 69448K, reserved 1110016K
  class space    used 8520K, capacity 9124K, committed 9216K, reserved 1048576K
}
Event: 175.106 GC heap after
{Heap after GC invocations=24 (full 0):
 garbage-first heap   total 131072K, used 77114K [0x0000000080000000, 0x0000000100000000)
  region size 1024K, 3 young (3072K), 3 survivors (3072K)
 Metaspace       used 67349K, capacity 69151K, committed 69448K, reserved 1110016K
  class space    used 8520K, capacity 9124K, committed 9216K, reserved 1048576K
}

Deoptimization events (20 events):
Event: 174.502 Thread 0x0000006c654d6800 Uncommon trap: trap_request=0xffffff4d fr.pc=0x0000006c52706798 relative=0x00000000000000f8
Event: 174.502 Thread 0x0000006c654d6800 Uncommon trap: reason=unstable_if action=reinterpret pc=0x0000006c52706798 method=java.lang.AbstractStringBuilder.putStringAt(ILjava/lang/String;)V @ 8 c2
Event: 174.502 Thread 0x0000006c654d6800 DEOPT PACKING pc=0x0000006c52706798 sp=0x0000006c676069b0
Event: 174.502 Thread 0x0000006c654d6800 DEOPT UNPACKING pc=0x0000006c4ab365af sp=0x0000006c67606978 mode 2
Event: 174.895 Thread 0x0000006c654d6800 Uncommon trap: trap_request=0xffffff4d fr.pc=0x0000006c5278c300 relative=0x0000000000000340
Event: 174.895 Thread 0x0000006c654d6800 Uncommon trap: reason=unstable_if action=reinterpret pc=0x0000006c5278c300 method=java.util.StringJoiner.add(Ljava/lang/CharSequence;)Ljava/util/StringJoiner; @ 33 c2
Event: 174.895 Thread 0x0000006c654d6800 DEOPT PACKING pc=0x0000006c5278c300 sp=0x0000006c67605f40
Event: 174.895 Thread 0x0000006c654d6800 DEOPT UNPACKING pc=0x0000006c4ab365af sp=0x0000006c67605ef0 mode 2
Event: 174.925 Thread 0x0000006c654d6800 Uncommon trap: trap_request=0xffffff4d fr.pc=0x0000006c528e3de0 relative=0x0000000000000660
Event: 174.925 Thread 0x0000006c654d6800 Uncommon trap: reason=unstable_if action=reinterpret pc=0x0000006c528e3de0 method=groovy.lang.MetaClassImpl.filterPropertyMethod(Ljava/lang/Object;ZZ)Ljava/lang/Object; @ 60 c2
Event: 174.925 Thread 0x0000006c654d6800 DEOPT PACKING pc=0x0000006c528e3de0 sp=0x0000006c676083e0
Event: 174.925 Thread 0x0000006c654d6800 DEOPT UNPACKING pc=0x0000006c4ab365af sp=0x0000006c67608340 mode 2
Event: 175.026 Thread 0x0000006c654d6800 Uncommon trap: trap_request=0xfffffff4 fr.pc=0x0000006c529083cc relative=0x000000000000082c
Event: 175.026 Thread 0x0000006c654d6800 Uncommon trap: reason=null_check action=make_not_entrant pc=0x0000006c529083cc method=com.sun.beans.introspect.MethodInfo$MethodOrder.compare(Ljava/lang/reflect/Method;Ljava/lang/reflect/Method;)I @ 133 c2
Event: 175.026 Thread 0x0000006c654d6800 DEOPT PACKING pc=0x0000006c529083cc sp=0x0000006c67603ee0
Event: 175.026 Thread 0x0000006c654d6800 DEOPT UNPACKING pc=0x0000006c4ab365af sp=0x0000006c67603e80 mode 2
Event: 175.155 Thread 0x0000006c654d6800 Uncommon trap: trap_request=0xfffffff4 fr.pc=0x0000006c529f1684 relative=0x0000000000000864
Event: 175.155 Thread 0x0000006c654d6800 Uncommon trap: reason=null_check action=make_not_entrant pc=0x0000006c529f1684 method=com.sun.beans.introspect.MethodInfo$MethodOrder.compare(Ljava/lang/reflect/Method;Ljava/lang/reflect/Method;)I @ 145 c2
Event: 175.155 Thread 0x0000006c654d6800 DEOPT PACKING pc=0x0000006c529f1684 sp=0x0000006c67602b10
Event: 175.155 Thread 0x0000006c654d6800 DEOPT UNPACKING pc=0x0000006c4ab365af sp=0x0000006c67602ab0 mode 2

Classes redefined (0 events):
No events

Internal exceptions (20 events):
Event: 175.151 Thread 0x0000006c654d6800 Exception <a 'java/lang/ClassNotFoundException'{0x0000000087ccc020}: com/android/build/gradle/internal/dsl/BuildType$AgpDecorated_DecoratedBeanInfo> (0x0000000087ccc020) thrown at [./src/hotspot/share/classfile/systemDictionary.cpp, line 231]
Event: 175.152 Thread 0x0000006c654d6800 Exception <a 'java/lang/ClassNotFoundException'{0x0000000087ce8418}: com/android/build/gradle/internal/dsl/BuildType$AgpDecoratedBeanInfo> (0x0000000087ce8418) thrown at [./src/hotspot/share/classfile/systemDictionary.cpp, line 231]
Event: 175.153 Thread 0x0000006c654d6800 Exception <a 'java/lang/ClassNotFoundException'{0x0000000087b02990}: com/android/build/gradle/internal/dsl/BuildTypeBeanInfo> (0x0000000087b02990) thrown at [./src/hotspot/share/classfile/systemDictionary.cpp, line 231]
Event: 175.154 Thread 0x0000006c654d6800 Exception <a 'java/lang/ClassNotFoundException'{0x0000000087b1cb30}: com/android/builder/core/AbstractBuildTypeBeanInfo> (0x0000000087b1cb30) thrown at [./src/hotspot/share/classfile/systemDictionary.cpp, line 231]
Event: 175.155 Thread 0x0000006c654d6800 Exception <a 'java/lang/ClassNotFoundException'{0x0000000087b36d38}: com/android/builder/core/AbstractBuildTypeCustomizer> (0x0000000087b36d38) thrown at [./src/hotspot/share/classfile/systemDictionary.cpp, line 231]
Event: 175.157 Thread 0x0000006c654d6800 Exception <a 'java/lang/ClassNotFoundException'{0x0000000087b6d0d0}: com/android/build/gradle/internal/dsl/BuildTypeCustomizer> (0x0000000087b6d0d0) thrown at [./src/hotspot/share/classfile/systemDictionary.cpp, line 231]
Event: 175.163 Thread 0x0000006c654d6800 Exception <a 'java/lang/ClassNotFoundException'{0x0000000087a027b0}: com/android/build/gradle/internal/dsl/BuildType$AgpDecoratedCustomizer> (0x0000000087a027b0) thrown at [./src/hotspot/share/classfile/systemDictionary.cpp, line 231]
Event: 175.165 Thread 0x0000006c654d6800 Exception <a 'java/lang/ClassNotFoundException'{0x0000000087a50068}: com/android/build/gradle/internal/dsl/BuildType$AgpDecorated_DecoratedCustomizer> (0x0000000087a50068) thrown at [./src/hotspot/share/classfile/systemDictionary.cpp, line 231]
Event: 175.172 Thread 0x0000006c654d6800 Exception <a 'java/lang/ClassNotFoundException'{0x0000000087917af0}: build_4nctx2kd9iwcic4yin7i92s13$_run_closure1$_closure4BeanInfo> (0x0000000087917af0) thrown at [./src/hotspot/share/classfile/systemDictionary.cpp, line 231]
Event: 175.172 Thread 0x0000006c654d6800 Exception <a 'java/lang/ClassNotFoundException'{0x0000000087928f18}: build_4nctx2kd9iwcic4yin7i92s13$_run_closure1$_closure4Customizer> (0x0000000087928f18) thrown at [./src/hotspot/share/classfile/systemDictionary.cpp, line 231]
Event: 175.175 Thread 0x0000006c654d6800 Exception <a 'java/lang/ClassNotFoundException'{0x0000000087952640}: build_4nctx2kd9iwcic4yin7i92s13$_run_closure1BeanInfo> (0x0000000087952640) thrown at [./src/hotspot/share/classfile/systemDictionary.cpp, line 231]
Event: 175.175 Thread 0x0000006c654d6800 Exception <a 'java/lang/ClassNotFoundException'{0x0000000087963000}: build_4nctx2kd9iwcic4yin7i92s13$_run_closure1Customizer> (0x0000000087963000) thrown at [./src/hotspot/share/classfile/systemDictionary.cpp, line 231]
Event: 175.184 Thread 0x0000006c654d6800 Exception <a 'java/lang/ClassNotFoundException'{0x00000000879c2ac0}: org/gradle/api/JavaVersionBeanInfo> (0x00000000879c2ac0) thrown at [./src/hotspot/share/classfile/systemDictionary.cpp, line 231]
Event: 175.187 Thread 0x0000006c654d6800 Exception <a 'java/lang/ClassNotFoundException'{0x00000000879ed818}: org/gradle/api/JavaVersionCustomizer> (0x00000000879ed818) thrown at [./src/hotspot/share/classfile/systemDictionary.cpp, line 231]
Event: 175.193 Thread 0x0000006c654d6800 Exception <a 'java/lang/ClassNotFoundException'{0x0000000087854e98}: com/android/build/gradle/internal/CompileOptions$AgpDecorated_DecoratedBeanInfo> (0x0000000087854e98) thrown at [./src/hotspot/share/classfile/systemDictionary.cpp, line 231]
Event: 175.193 Thread 0x0000006c654d6800 Exception <a 'java/lang/ClassNotFoundException'{0x0000000087870348}: com/android/build/gradle/internal/CompileOptions$AgpDecoratedBeanInfo> (0x0000000087870348) thrown at [./src/hotspot/share/classfile/systemDictionary.cpp, line 231]
Event: 175.194 Thread 0x0000006c654d6800 Exception <a 'java/lang/ClassNotFoundException'{0x000000008788a168}: com/android/build/gradle/internal/CompileOptionsBeanInfo> (0x000000008788a168) thrown at [./src/hotspot/share/classfile/systemDictionary.cpp, line 231]
Event: 175.195 Thread 0x0000006c654d6800 Exception <a 'java/lang/ClassNotFoundException'{0x00000000878a3db8}: com/android/build/gradle/internal/CompileOptionsCustomizer> (0x00000000878a3db8) thrown at [./src/hotspot/share/classfile/systemDictionary.cpp, line 231]
Event: 175.197 Thread 0x0000006c654d6800 Exception <a 'java/lang/ClassNotFoundException'{0x00000000878cb1c8}: com/android/build/gradle/internal/CompileOptions$AgpDecoratedCustomizer> (0x00000000878cb1c8) thrown at [./src/hotspot/share/classfile/systemDictionary.cpp, line 231]
Event: 175.199 Thread 0x0000006c654d6800 Exception <a 'java/lang/ClassNotFoundException'{0x00000000878f5de8}: com/android/build/gradle/internal/CompileOptions$AgpDecorated_DecoratedCustomizer> (0x00000000878f5de8) thrown at [./src/hotspot/share/classfile/systemDictionary.cpp, line 231]

Events (20 events):
Event: 175.445 loading class com/google/wireless/android/sdk/stats/VariantApiUsageOrBuilder
Event: 175.445 loading class com/google/wireless/android/sdk/stats/VariantApiUsageOrBuilder done
Event: 175.447 loading class com/google/wireless/android/sdk/stats/GradleBuildVariant$KotlinOptionsOrBuilder
Event: 175.447 loading class com/google/wireless/android/sdk/stats/GradleBuildVariant$KotlinOptionsOrBuilder done
Event: 175.450 loading class com/google/wireless/android/sdk/stats/GradleBuildVariant$1
Event: 175.450 loading class com/google/wireless/android/sdk/stats/GradleBuildVariant$1 done
Event: 175.451 loading class com/google/wireless/android/sdk/stats/ApiVersion
Event: 175.451 loading class com/google/wireless/android/sdk/stats/ApiVersion done
Event: 175.452 loading class com/google/wireless/android/sdk/stats/VariantApiUsage
Event: 175.452 loading class com/google/wireless/android/sdk/stats/VariantApiUsage done
Event: 175.454 loading class com/google/wireless/android/sdk/stats/GradleBuildVariant$KotlinOptions
Event: 175.454 loading class com/google/wireless/android/sdk/stats/GradleBuildVariant$KotlinOptions done
Event: 175.455 loading class com/google/wireless/android/sdk/stats/AnnotationProcessorInfo
Event: 175.455 loading class com/google/wireless/android/sdk/stats/AnnotationProcessorInfo done
Event: 175.470 loading class com/google/wireless/android/sdk/stats/AnnotationProcessorInfoOrBuilder
Event: 175.470 loading class com/google/wireless/android/sdk/stats/AnnotationProcessorInfoOrBuilder done
Event: 175.486 loading class com/google/wireless/android/sdk/stats/GradleBuildVariant$NativeBuildConfigInfo
Event: 175.486 loading class com/google/wireless/android/sdk/stats/GradleBuildVariant$NativeBuildConfigInfo done
Event: 175.508 loading class com/google/wireless/android/sdk/stats/GradleBuildVariant$NativeBuildConfigInfoOrBuilder
Event: 175.508 loading class com/google/wireless/android/sdk/stats/GradleBuildVariant$NativeBuildConfigInfoOrBuilder done


Dynamic libraries:
0x00007ff615da0000 - 0x00007ff615daa000 	C:\Program Files\Android\Android Studio\jre\bin\java.exe
0x00007ffdcec20000 - 0x00007ffdcedcd000 	C:\Windows\SYSTEM32\ntdll.dll
0x00007ffdcc780000 - 0x00007ffdcc8bf000 	C:\Windows\system32\KERNEL32.DLL
0x00007ffdae9e0000 - 0x00007ffdae9f6000 	C:\Program Files\Avast Software\Avast\aswhook.dll
0x00007ffdcc070000 - 0x00007ffdcc185000 	C:\Windows\system32\KERNELBASE.dll
0x00007ffdad590000 - 0x00007ffdad5a9000 	C:\Program Files\Android\Android Studio\jre\bin\jli.dll
0x00007ffda08e0000 - 0x00007ffda08f7000 	C:\Program Files\Android\Android Studio\jre\bin\VCRUNTIME140.dll
0x00007ffdc0b60000 - 0x00007ffdc0b64000 	C:\Windows\SYSTEM32\api-ms-win-crt-stdio-l1-1-0.dll
0x00007ffdad5b0000 - 0x00007ffdad5b4000 	C:\Windows\SYSTEM32\api-ms-win-crt-runtime-l1-1-0.dll
0x00007ffda1100000 - 0x00007ffda1103000 	C:\Windows\SYSTEM32\api-ms-win-crt-environment-l1-1-0.dll
0x00007ffd9fdd0000 - 0x00007ffd9fdd5000 	C:\Windows\SYSTEM32\api-ms-win-crt-math-l1-1-0.dll
0x00007ffd9fa50000 - 0x00007ffd9fa53000 	C:\Windows\SYSTEM32\api-ms-win-crt-locale-l1-1-0.dll
0x00007ffd9fda0000 - 0x00007ffd9fda3000 	C:\Windows\SYSTEM32\api-ms-win-crt-heap-l1-1-0.dll
0x00007ffdc9770000 - 0x00007ffdc99eb000 	C:\Windows\WinSxS\amd64_microsoft.windows.common-controls_6595b64144ccf1df_6.0.9600.19394_none_62486577ecb635cf\COMCTL32.dll
0x00007ffdcca70000 - 0x00007ffdccbe7000 	C:\Windows\system32\USER32.dll
0x00007ffd9fdc0000 - 0x00007ffd9fdc3000 	C:\Windows\SYSTEM32\api-ms-win-crt-filesystem-l1-1-0.dll
0x00007ffdae880000 - 0x00007ffdae884000 	C:\Windows\SYSTEM32\api-ms-win-crt-string-l1-1-0.dll
0x00007ffdac520000 - 0x00007ffdac524000 	C:\Windows\SYSTEM32\api-ms-win-crt-convert-l1-1-0.dll
0x00007ffdcce00000 - 0x00007ffdcceaa000 	C:\Windows\system32\msvcrt.dll
0x00007ffdcc920000 - 0x00007ffdcca6e000 	C:\Windows\system32\GDI32.dll
0x00007ffdab600000 - 0x00007ffdab6f4000 	C:\Windows\SYSTEM32\ucrtbase.DLL
0x00007ffdcebe0000 - 0x00007ffdcec16000 	C:\Windows\system32\IMM32.DLL
0x00007ffdccbf0000 - 0x00007ffdccd41000 	C:\Windows\system32\MSCTF.dll
0x00007ffd931e0000 - 0x00007ffd9327d000 	C:\Program Files\Android\Android Studio\jre\bin\msvcp140.dll
0x00007ffd9fa40000 - 0x00007ffd9fa45000 	C:\Windows\SYSTEM32\api-ms-win-crt-multibyte-l1-1-0.dll
0x00007ffd9fdb0000 - 0x00007ffd9fdb3000 	C:\Windows\SYSTEM32\api-ms-win-crt-time-l1-1-0.dll
0x00007ffd9fde0000 - 0x00007ffd9fde3000 	C:\Windows\SYSTEM32\api-ms-win-crt-utility-l1-1-0.dll
0x00007ffd9fdf0000 - 0x00007ffda08c5000 	C:\Program Files\Android\Android Studio\jre\bin\server\jvm.dll
0x00007ffdccd50000 - 0x00007ffdccdfa000 	C:\Windows\system32\ADVAPI32.dll
0x00007ffdc4bf0000 - 0x00007ffdc4bf9000 	C:\Windows\SYSTEM32\WSOCK32.dll
0x00007ffdc95b0000 - 0x00007ffdc95d2000 	C:\Windows\SYSTEM32\WINMM.dll
0x00007ffdc9ec0000 - 0x00007ffdc9eca000 	C:\Windows\SYSTEM32\VERSION.dll
0x00007ffdcc6b0000 - 0x00007ffdcc6b7000 	C:\Windows\system32\PSAPI.DLL
0x00007ffdccff0000 - 0x00007ffdcd048000 	C:\Windows\SYSTEM32\sechost.dll
0x00007ffdcceb0000 - 0x00007ffdccfea000 	C:\Windows\system32\RPCRT4.dll
0x00007ffdcc8c0000 - 0x00007ffdcc91a000 	C:\Windows\system32\WS2_32.dll
0x00007ffdc9580000 - 0x00007ffdc95aa000 	C:\Windows\SYSTEM32\WINMMBASE.dll
0x00007ffdcc040000 - 0x00007ffdcc06e000 	C:\Windows\system32\SspiCli.dll
0x00007ffdcd050000 - 0x00007ffdcd059000 	C:\Windows\system32\NSI.dll
0x00007ffdcbff0000 - 0x00007ffdcc03f000 	C:\Windows\SYSTEM32\cfgmgr32.dll
0x00007ffdcaaf0000 - 0x00007ffdcab18000 	C:\Windows\SYSTEM32\DEVOBJ.dll
0x00007ffd9fd80000 - 0x00007ffd9fd91000 	C:\Program Files\Android\Android Studio\jre\bin\verify.dll
0x00007ffdc6a50000 - 0x00007ffdc6bda000 	C:\Windows\SYSTEM32\DBGHELP.DLL
0x00007ffd9fd50000 - 0x00007ffd9fd79000 	C:\Program Files\Android\Android Studio\jre\bin\java.dll
0x00007ffd9fd40000 - 0x00007ffd9fd4b000 	C:\Program Files\Android\Android Studio\jre\bin\jimage.dll
0x00007ffd9fd20000 - 0x00007ffd9fd38000 	C:\Program Files\Android\Android Studio\jre\bin\zip.dll
0x00007ffdcd630000 - 0x00007ffdceb5e000 	C:\Windows\system32\SHELL32.dll
0x00007ffdcc2b0000 - 0x00007ffdcc4c2000 	C:\Windows\SYSTEM32\combase.dll
0x00007ffdcd4f0000 - 0x00007ffdcd544000 	C:\Windows\system32\SHLWAPI.dll
0x00007ffdca340000 - 0x00007ffdca3f2000 	C:\Windows\SYSTEM32\SHCORE.dll
0x00007ffdcbcc0000 - 0x00007ffdcbcd5000 	C:\Windows\SYSTEM32\profapi.dll
0x00007ffd9fd00000 - 0x00007ffd9fd1a000 	C:\Program Files\Android\Android Studio\jre\bin\net.dll
0x00007ffdc1d20000 - 0x00007ffdc1de9000 	C:\Windows\SYSTEM32\WINHTTP.dll
0x00007ffdcb500000 - 0x00007ffdcb559000 	C:\Windows\system32\mswsock.dll
0x00007ffd9fce0000 - 0x00007ffd9fcf4000 	C:\Program Files\Android\Android Studio\jre\bin\nio.dll
0x00007ffdb7ea0000 - 0x00007ffdb7ec7000 	C:\Users\JHONY\.gradle\native\e1d6ef7f7dcc3fd88c89a11ec53ec762bb8ba0a96d01ffa2cd45eb1d1d8dd5c5\windows-amd64\native-platform.dll
0x00007ffd9fcd0000 - 0x00007ffd9fcda000 	C:\Program Files\Android\Android Studio\jre\bin\management.dll
0x00007ffd9fcc0000 - 0x00007ffd9fccd000 	C:\Program Files\Android\Android Studio\jre\bin\management_ext.dll
0x00007ffdcb560000 - 0x00007ffdcb580000 	C:\Windows\SYSTEM32\CRYPTSP.dll
0x00007ffdcb180000 - 0x00007ffdcb1b6000 	C:\Windows\system32\rsaenh.dll
0x00007ffdcb7a0000 - 0x00007ffdcb7c6000 	C:\Windows\SYSTEM32\bcrypt.dll
0x00007ffdcb290000 - 0x00007ffdcb2b1000 	C:\Windows\SYSTEM32\USERENV.dll
0x00007ffdcbac0000 - 0x00007ffdcbb23000 	C:\Windows\system32\bcryptprimitives.dll
0x00007ffdcbb30000 - 0x00007ffdcbb3b000 	C:\Windows\SYSTEM32\CRYPTBASE.dll
0x00007ffdc5fb0000 - 0x00007ffdc5fda000 	C:\Windows\SYSTEM32\IPHLPAPI.DLL
0x00007ffdc5980000 - 0x00007ffdc598a000 	C:\Windows\SYSTEM32\WINNSI.DLL
0x00007ffdc51c0000 - 0x00007ffdc51d6000 	C:\Windows\SYSTEM32\dhcpcsvc6.DLL
0x00007ffdc5640000 - 0x00007ffdc565a000 	C:\Windows\SYSTEM32\dhcpcsvc.DLL

dbghelp: loaded successfully - version: 4.0.5 - missing functions: none
symbol engine: initialized successfully - sym options: 0x614 - pdb path: .;C:\Program Files\Android\Android Studio\jre\bin;C:\Windows\SYSTEM32;C:\Program Files\Avast Software\Avast;C:\Windows\WinSxS\amd64_microsoft.windows.common-controls_6595b64144ccf1df_6.0.9600.19394_none_62486577ecb635cf;C:\Program Files\Android\Android Studio\jre\bin\server;C:\Users\JHONY\.gradle\native\e1d6ef7f7dcc3fd88c89a11ec53ec762bb8ba0a96d01ffa2cd45eb1d1d8dd5c5\windows-amd64

VM Arguments:
jvm_args: --add-opens=java.base/java.util=ALL-UNNAMED --add-opens=java.base/java.lang=ALL-UNNAMED --add-opens=java.base/java.lang.invoke=ALL-UNNAMED --add-opens=java.base/java.util=ALL-UNNAMED --add-opens=java.prefs/java.util.prefs=ALL-UNNAMED --add-opens=java.prefs/java.util.prefs=ALL-UNNAMED --add-opens=java.base/java.nio.charset=ALL-UNNAMED --add-opens=java.base/java.net=ALL-UNNAMED --add-opens=java.base/java.util.concurrent.atomic=ALL-UNNAMED -Xmx2048m -Dfile.encoding=UTF-8 -Duser.country=ID -Duser.language=in -Duser.variant 
java_command: org.gradle.launcher.daemon.bootstrap.GradleDaemon 7.2
java_class_path (initial): C:\Users\JHONY\.gradle\wrapper\dists\gradle-7.2-bin\2dnblmf4td7x66yl1d74lt32g\gradle-7.2\lib\gradle-launcher-7.2.jar
Launcher Type: SUN_STANDARD

[Global flags]
     intx CICompilerCount                          = 3                                         {product} {ergonomic}
     uint ConcGCThreads                            = 1                                         {product} {ergonomic}
     uint G1ConcRefinementThreads                  = 4                                         {product} {ergonomic}
   size_t G1HeapRegionSize                         = 1048576                                   {product} {ergonomic}
    uintx GCDrainStackTargetSize                   = 64                                        {product} {ergonomic}
   size_t InitialHeapSize                          = 134217728                                 {product} {ergonomic}
   size_t MarkStackSize                            = 4194304                                   {product} {ergonomic}
   size_t MaxHeapSize                              = 2147483648                                {product} {command line}
   size_t MaxNewSize                               = 1287651328                                {product} {ergonomic}
   size_t MinHeapDeltaBytes                        = 1048576                                   {product} {ergonomic}
    uintx NonNMethodCodeHeapSize                   = 5830732                                {pd product} {ergonomic}
    uintx NonProfiledCodeHeapSize                  = 122913754                              {pd product} {ergonomic}
    uintx ProfiledCodeHeapSize                     = 122913754                              {pd product} {ergonomic}
    uintx ReservedCodeCacheSize                    = 251658240                              {pd product} {ergonomic}
     bool SegmentedCodeCache                       = true                                      {product} {ergonomic}
     bool UseCompressedClassPointers               = true                                 {lp64_product} {ergonomic}
     bool UseCompressedOops                        = true                                 {lp64_product} {ergonomic}
     bool UseG1GC                                  = true                                      {product} {ergonomic}
     bool UseLargePagesIndividualAllocation        = false                                  {pd product} {ergonomic}

Logging:
Log output configuration:
 #0: stdout all=warning uptime,level,tags
 #1: stderr all=off uptime,level,tags

Environment Variables:
JAVA_HOME=C:\Program Files\Java\jdk1.8.0_171
PATH=C:\PROGRAM FILES (X86)\INTEL\ICLS CLIENT\;C:\PROGRAM FILES\INTEL\ICLS CLIENT\;C:\Windows\SYSTEM32;C:\Windows;C:\Windows\SYSTEM32\WBEM;C:\Windows\SYSTEM32\WINDOWSPOWERSHELL\V1.0\;E:\XAMPP\PHP;C:\PROGRAMDATA\COMPOSERSETUP\BIN;C:\PROGRAM FILES\GIT\CMD;C:\PROGRAM FILES (X86)\BITVISE SSH CLIENT;C:\PROGRAM FILES (X86)\MICROSOFT SQL SERVER\100\TOOLS\BINN\;C:\PROGRAM FILES\MICROSOFT SQL SERVER\100\TOOLS\BINN\;C:\PROGRAM FILES\MICROSOFT SQL SERVER\100\DTS\BINN\;C:\PROGRAM FILES\PUTTY\;C:\PROGRAM FILES (X86)\INTEL\INTEL(R) MANAGEMENT ENGINE COMPONENTS\DAL;C:\PROGRAM FILES\INTEL\INTEL(R) MANAGEMENT ENGINE COMPONENTS\DAL;C:\PROGRAM FILES (X86)\INTEL\INTEL(R) MANAGEMENT ENGINE COMPONENTS\IPT;C:\PROGRAM FILES\INTEL\INTEL(R) MANAGEMENT ENGINE COMPONENTS\IPT;C:\PROGRAM FILES (X86)\INTEL\UCRT\;C:\PROGRAM FILES\INTEL\UCRT\;\;C:\PROGRAM FILES\DOTNET\;C:\PROGRAM FILES\NODEJS\;C:\USERS\JHONY\APPDATA\LOCAL\PROGRAMS\PYTHON\PYTHON36-32;C:\Program Files\WIDCOMM\Bluetooth Software\;C:\Program Files\WIDCOMM\Bluetooth Software\syswow64;C:\Program Files\Git\cmd;C:\Program Files\Java\jdk1.8.0_171\bin;C:\Users\JHONY\AppData\Local\Programs\Microsoft VS Code\bin
USERNAME=JHONY
OS=Windows_NT
PROCESSOR_IDENTIFIER=Intel64 Family 6 Model 58 Stepping 9, GenuineIntel



---------------  S Y S T E M  ---------------

OS: Windows 8.1 , 64 bit Build 9600 (6.3.9600.20172)
OS uptime: 0 days 9:24 hours

CPU:total 4 (initial active 4) (2 cores per cpu, 2 threads per core) family 6 model 58 stepping 9 microcode 0x20, cmov, cx8, fxsr, mmx, sse, sse2, sse3, ssse3, sse4.1, sse4.2, popcnt, avx, aes, clmul, erms, ht, tsc, tscinvbit, tscinv

Memory: 4k page, system-wide physical 8097M (877M free)
TotalPageFile size 12597M (AvailPageFile size 5M)
current process WorkingSet (physical memory assigned to process): 335M, peak: 338M
current process commit charge ("private bytes"): 375M, peak: 376M

vm_info: OpenJDK 64-Bit Server VM (11.0.11+9-b60-7590822) for windows-amd64 JRE (11.0.11+9-b60-7590822), built on Jul 29 2021 21:43:44 by "builder" with MS VC++ 14.0 (VS2015)

END.
